[debug] [2023-06-19T22:07:15.399Z] ----------------------------------------------------------------------
[debug] [2023-06-19T22:07:15.404Z] Command:       C:\Program Files\nodejs\node.exe C:\Users\super\AppData\Roaming\npm\node_modules\firebase-tools\lib\bin\firebase.js init
[debug] [2023-06-19T22:07:15.405Z] CLI Version:   12.4.0
[debug] [2023-06-19T22:07:15.406Z] Platform:      win32
[debug] [2023-06-19T22:07:15.406Z] Node Version:  v18.16.0
[debug] [2023-06-19T22:07:15.414Z] Time:          Mon Jun 19 2023 18:07:15 GMT-0400 (Eastern Daylight Time)
[debug] [2023-06-19T22:07:15.414Z] ----------------------------------------------------------------------
[debug] 
[debug] [2023-06-19T22:07:15.420Z] >>> [apiv2][query] GET https://firebase-public.firebaseio.com/cli.json [none]
[debug] [2023-06-19T22:07:15.535Z] > command requires scopes: ["email","openid","https://www.googleapis.com/auth/cloudplatformprojects.readonly","https://www.googleapis.com/auth/firebase","https://www.googleapis.com/auth/cloud-platform"]
[debug] [2023-06-19T22:07:15.536Z] > authorizing via signed-in user (supersanic456@gmail.com)
[info] 
     ######## #### ########  ######## ########     ###     ######  ########
     ##        ##  ##     ## ##       ##     ##  ##   ##  ##       ##
     ######    ##  ########  ######   ########  #########  ######  ######
     ##        ##  ##    ##  ##       ##     ## ##     ##       ## ##
     ##       #### ##     ## ######## ########  ##     ##  ######  ########

You're about to initialize a Firebase project in this directory:

  C:\Users\super\Desktop\JavaScript Projects\AmazonClone\amazon-clone

[debug] [2023-06-19T22:07:15.716Z] <<< [apiv2][status] GET https://firebase-public.firebaseio.com/cli.json 200
[debug] [2023-06-19T22:07:15.717Z] <<< [apiv2][body] GET https://firebase-public.firebaseio.com/cli.json {"cloudBuildErrorAfter":1594252800000,"cloudBuildWarnAfter":1590019200000,"defaultNode10After":1594252800000,"minVersion":"3.0.5","node8DeploysDisabledAfter":1613390400000,"node8RuntimeDisabledAfter":1615809600000,"node8WarnAfter":1600128000000}
